# JRE version: Java(TM) SE Runtime Environment (9.0+11) (build 9.0.1+11)
# Java VM: Java HotSpot(TM) 64-Bit Server VM (9.0.1+11, mixed mode, tiered, compressed oops, g1 gc, windows-amd64)
Heap:
 garbage-first heap   total 122880K, used 6435K [0x0000000088c00000, 0x0000000088d003c0, 0x0000000100000000)
  region size 1024K, 3 young (3072K), 2 survivors (2048K)
 Metaspace       used 20234K, capacity 21810K, committed 22012K, reserved 1069056K
  class space    used 2680K, capacity 2991K, committed 3072K, reserved 1048576K
GC Heap History (6 events):
Event: 1.347 GC heap before
{Heap before GC invocations=0 (full 0):
 garbage-first heap   total 122880K, used 14336K [0x0000000088c00000, 0x0000000088d003c0, 0x0000000100000000)
  region size 1024K, 14 young (14336K), 0 survivors (0K)
 Metaspace       used 14172K, capacity 15098K, committed 15360K, reserved 1062912K
  class space    used 1593K, capacity 1780K, committed 1792K, reserved 1048576K
}
Event: 1.356 GC heap after
{Heap after GC invocations=1 (full 0):
 garbage-first heap   total 122880K, used 3925K [0x0000000088c00000, 0x0000000088d003c0, 0x0000000100000000)
  region size 1024K, 2 young (2048K), 2 survivors (2048K)
 Metaspace       used 14172K, capacity 15098K, committed 15360K, reserved 1062912K
  class space    used 1593K, capacity 1780K, committed 1792K, reserved 1048576K
}
Event: 1.640 GC heap before
{Heap before GC invocations=1 (full 0):
 garbage-first heap   total 122880K, used 9045K [0x0000000088c00000, 0x0000000088d003c0, 0x0000000100000000)
  region size 1024K, 7 young (7168K), 2 survivors (2048K)
 Metaspace       used 16216K, capacity 17266K, committed 17280K, reserved 1064960K
  class space    used 1964K, capacity 2162K, committed 2176K, reserved 1048576K
}
Event: 1.648 GC heap after
{Heap after GC invocations=2 (full 0):
 garbage-first heap   total 122880K, used 5434K [0x0000000088c00000, 0x0000000088d003c0, 0x0000000100000000)
  region size 1024K, 1 young (1024K), 1 survivors (1024K)
 Metaspace       used 16216K, capacity 17266K, committed 17280K, reserved 1064960K
  class space    used 1964K, capacity 2162K, committed 2176K, reserved 1048576K
}
Event: 2.096 GC heap before
{Heap before GC invocations=2 (full 0):
 garbage-first heap   total 122880K, used 9530K [0x0000000088c00000, 0x0000000088d003c0, 0x0000000100000000)
  region size 1024K, 6 young (6144K), 1 survivors (1024K)
 Metaspace       used 19753K, capacity 21210K, committed 21296K, reserved 1067008K
  class space    used 2618K, capacity 2882K, committed 2944K, reserved 1048576K
}
Event: 2.101 GC heap after
{Heap after GC invocations=3 (full 0):
 garbage-first heap   total 122880K, used 6435K [0x0000000088c00000, 0x0000000088d003c0, 0x0000000100000000)
  region size 1024K, 2 young (2048K), 2 survivors (2048K)
 Metaspace       used 19753K, capacity 21210K, committed 21296K, reserved 1067008K
  class space    used 2618K, capacity 2882K, committed 2944K, reserved 1048576K
}

