# JRE version: Java(TM) SE Runtime Environment (9.0+11) (build 9.0.1+11)
# Java VM: Java HotSpot(TM) 64-Bit Server VM (9.0.1+11, mixed mode, tiered, compressed oops, g1 gc, windows-amd64)
Heap:
 garbage-first heap   total 122880K, used 6189K [0x0000000088c00000, 0x0000000088d003c0, 0x0000000100000000)
  region size 1024K, 4 young (4096K), 3 survivors (3072K)
 Metaspace       used 20212K, capacity 21806K, committed 22012K, reserved 1069056K
  class space    used 2676K, capacity 2991K, committed 3072K, reserved 1048576K
GC Heap History (6 events):
Event: 1.214 GC heap before
{Heap before GC invocations=0 (full 0):
 garbage-first heap   total 122880K, used 14336K [0x0000000088c00000, 0x0000000088d003c0, 0x0000000100000000)
  region size 1024K, 14 young (14336K), 0 survivors (0K)
 Metaspace       used 14144K, capacity 15096K, committed 15360K, reserved 1062912K
  class space    used 1593K, capacity 1782K, committed 1792K, reserved 1048576K
}
Event: 1.221 GC heap after
{Heap after GC invocations=1 (full 0):
 garbage-first heap   total 122880K, used 4024K [0x0000000088c00000, 0x0000000088d003c0, 0x0000000100000000)
  region size 1024K, 2 young (2048K), 2 survivors (2048K)
 Metaspace       used 14144K, capacity 15096K, committed 15360K, reserved 1062912K
  class space    used 1593K, capacity 1782K, committed 1792K, reserved 1048576K
}
Event: 1.373 GC heap before
{Heap before GC invocations=1 (full 0):
 garbage-first heap   total 122880K, used 8120K [0x0000000088c00000, 0x0000000088d003c0, 0x0000000100000000)
  region size 1024K, 6 young (6144K), 2 survivors (2048K)
 Metaspace       used 15143K, capacity 16134K, committed 16384K, reserved 1062912K
  class space    used 1750K, capacity 1951K, committed 2048K, reserved 1048576K
}
Event: 1.381 GC heap after
{Heap after GC invocations=2 (full 0):
 garbage-first heap   total 122880K, used 4950K [0x0000000088c00000, 0x0000000088d003c0, 0x0000000100000000)
  region size 1024K, 1 young (1024K), 1 survivors (1024K)
 Metaspace       used 15143K, capacity 16134K, committed 16384K, reserved 1062912K
  class space    used 1750K, capacity 1951K, committed 2048K, reserved 1048576K
}
Event: 1.885 GC heap before
{Heap before GC invocations=2 (full 0):
 garbage-first heap   total 122880K, used 10070K [0x0000000088c00000, 0x0000000088d003c0, 0x0000000100000000)
  region size 1024K, 7 young (7168K), 1 survivors (1024K)
 Metaspace       used 19752K, capacity 21208K, committed 21296K, reserved 1067008K
  class space    used 2618K, capacity 2884K, committed 2944K, reserved 1048576K
}
Event: 1.894 GC heap after
{Heap after GC invocations=3 (full 0):
 garbage-first heap   total 122880K, used 6189K [0x0000000088c00000, 0x0000000088d003c0, 0x0000000100000000)
  region size 1024K, 3 young (3072K), 3 survivors (3072K)
 Metaspace       used 19752K, capacity 21208K, committed 21296K, reserved 1067008K
  class space    used 2618K, capacity 2884K, committed 2944K, reserved 1048576K
}

